#
# There is insufficient memory for the Java Runtime Environment to continue.
# Native memory allocation (mmap) failed to map 1431830528 bytes for committing reserved memory.
# Possible reasons:
#   The system is out of physical RAM or swap space
#   In 32 bit mode, the process size limit was hit
# Possible solutions:
#   Reduce memory load on the system
#   Increase physical memory or swap space
#   Check if swap backing store is full
#   Use 64 bit Java on a 64 bit OS
#   Decrease Java heap size (-Xmx/-Xms)
#   Decrease number of Java threads
#   Decrease Java thread stack sizes (-Xss)
#   Set larger code cache with -XX:ReservedCodeCacheSize=
# This output file may be truncated or incomplete.
#
#  Out of Memory Error (os_linux.cpp:2743), pid=9634, tid=0x00007f5798f2f700
#
# JRE version:  (8.0_191-b12) (build )
# Java VM: Java HotSpot(TM) 64-Bit Server VM (25.191-b12 mixed mode linux-amd64 compressed oops)
# Failed to write core dump. Core dumps have been disabled. To enable core dumping, try "ulimit -c unlimited" before starting Java again
#

---------------  T H R E A D  ---------------

Current thread (0x00007f579000b800):  JavaThread "Unknown thread" [_thread_in_vm, id=9640, stack(0x00007f5798e30000,0x00007f5798f30000)]

Stack: [0x00007f5798e30000,0x00007f5798f30000],  sp=0x00007f5798f2e570,  free space=1017k
Native frames: (J=compiled Java code, j=interpreted, Vv=VM code, C=native code)
V  [libjvm.so+0xace425]  VMError::report_and_die()+0x2c5
V  [libjvm.so+0x4deb77]  report_vm_out_of_memory(char const*, int, unsigned long, VMErrorType, char const*)+0x67
V  [libjvm.so+0x90c570]  os::pd_commit_memory(char*, unsigned long, unsigned long, bool)+0x100
V  [libjvm.so+0x903eaf]  os::commit_memory(char*, unsigned long, unsigned long, bool)+0x1f
V  [libjvm.so+0x988346]  PSVirtualSpace::expand_by(unsigned long)+0x56
V  [libjvm.so+0x978c6c]  PSOldGen::initialize(ReservedSpace, unsigned long, char const*, int)+0x8c
V  [libjvm.so+0x2bce5e]  AdjoiningGenerations::AdjoiningGenerations(ReservedSpace, GenerationSizer*, unsigned long)+0x2fe
V  [libjvm.so+0x9369d2]  ParallelScavengeHeap::initialize()+0x222
V  [libjvm.so+0xa922ba]  Universe::initialize_heap()+0x16a
V  [libjvm.so+0xa92593]  universe_init()+0x33
V  [libjvm.so+0x62f0f0]  init_globals()+0x50
V  [libjvm.so+0xa74c57]  Threads::create_vm(JavaVMInitArgs*, bool*)+0x257
V  [libjvm.so+0x6d49ff]  JNI_CreateJavaVM+0x4f
C  [libjli.so+0x7e74]  JavaMain+0x84
C  [libpthread.so.0+0x76db]  start_thread+0xdb


---------------  P R O C E S S  ---------------

Java Threads: ( => current thread )

Other Threads:

=>0x00007f579000b800 (exited) JavaThread "Unknown thread" [_thread_in_vm, id=9640, stack(0x00007f5798e30000,0x00007f5798f30000)]

VM state:not at safepoint (not fully initialized)

VM Mutex/Monitor currently owned by a thread: None

GC Heap History (0 events):
No events

Deoptimization events (0 events):
No events

Classes redefined (0 events):
No events

Internal exceptions (0 events):
No events

Events (0 events):
No events


Dynamic libraries:
00400000-00401000 r-xp 00000000 08:05 3414424                            /usr/lib/jvm/java-8-oracle/bin/java
00600000-00601000 r--p 00000000 08:05 3414424                            /usr/lib/jvm/java-8-oracle/bin/java
00601000-00602000 rw-p 00001000 08:05 3414424                            /usr/lib/jvm/java-8-oracle/bin/java
00f52000-00f73000 rw-p 00000000 00:00 0                                  [heap]
715580000-76ab00000 ---p 00000000 00:00 0 
76ab00000-795580000 rw-p 00000000 00:00 0 
795580000-7c0000000 ---p 00000000 00:00 0 
7f5781000000-7f5781270000 rwxp 00000000 00:00 0 
7f5781270000-7f5790000000 ---p 00000000 00:00 0 
7f5790000000-7f5790036000 rw-p 00000000 00:00 0 
7f5790036000-7f5794000000 ---p 00000000 00:00 0 
7f579507d000-7f5795310000 rw-p 00000000 00:00 0 
7f5795310000-7f5795865000 ---p 00000000 00:00 0 
7f5795865000-7f57959bb000 rw-p 00000000 00:00 0 
7f57959bb000-7f5795b10000 ---p 00000000 00:00 0 
7f5795b10000-7f5795b1b000 rw-p 00000000 00:00 0 
7f5795b1b000-7f5795ed1000 ---p 00000000 00:00 0 
7f5795ed1000-7f5795eeb000 r-xp 00000000 08:05 6949001                    /usr/lib/jvm/java-8-oracle/jre/lib/amd64/libzip.so
7f5795eeb000-7f57960eb000 ---p 0001a000 08:05 6949001                    /usr/lib/jvm/java-8-oracle/jre/lib/amd64/libzip.so
7f57960eb000-7f57960ec000 r--p 0001a000 08:05 6949001                    /usr/lib/jvm/java-8-oracle/jre/lib/amd64/libzip.so
7f57960ec000-7f57960ed000 rw-p 0001b000 08:05 6949001                    /usr/lib/jvm/java-8-oracle/jre/lib/amd64/libzip.so
7f57960ed000-7f57960f8000 r-xp 00000000 08:05 7213832                    /lib/x86_64-linux-gnu/libnss_files-2.27.so
7f57960f8000-7f57962f7000 ---p 0000b000 08:05 7213832                    /lib/x86_64-linux-gnu/libnss_files-2.27.so
7f57962f7000-7f57962f8000 r--p 0000a000 08:05 7213832                    /lib/x86_64-linux-gnu/libnss_files-2.27.so
7f57962f8000-7f57962f9000 rw-p 0000b000 08:05 7213832                    /lib/x86_64-linux-gnu/libnss_files-2.27.so
7f57962f9000-7f57962ff000 rw-p 00000000 00:00 0 
7f57962ff000-7f5796316000 r-xp 00000000 08:05 7213826                    /lib/x86_64-linux-gnu/libnsl-2.27.so
7f5796316000-7f5796515000 ---p 00017000 08:05 7213826                    /lib/x86_64-linux-gnu/libnsl-2.27.so
7f5796515000-7f5796516000 r--p 00016000 08:05 7213826                    /lib/x86_64-linux-gnu/libnsl-2.27.so
7f5796516000-7f5796517000 rw-p 00017000 08:05 7213826                    /lib/x86_64-linux-gnu/libnsl-2.27.so
7f5796517000-7f5796519000 rw-p 00000000 00:00 0 
7f5796519000-7f5796524000 r-xp 00000000 08:05 7213843                    /lib/x86_64-linux-gnu/libnss_nis-2.27.so
7f5796524000-7f5796723000 ---p 0000b000 08:05 7213843                    /lib/x86_64-linux-gnu/libnss_nis-2.27.so
7f5796723000-7f5796724000 r--p 0000a000 08:05 7213843                    /lib/x86_64-linux-gnu/libnss_nis-2.27.so
7f5796724000-7f5796725000 rw-p 0000b000 08:05 7213843                    /lib/x86_64-linux-gnu/libnss_nis-2.27.so
7f5796725000-7f579672d000 r-xp 00000000 08:05 7213828                    /lib/x86_64-linux-gnu/libnss_compat-2.27.so
7f579672d000-7f579692d000 ---p 00008000 08:05 7213828                    /lib/x86_64-linux-gnu/libnss_compat-2.27.so
7f579692d000-7f579692e000 r--p 00008000 08:05 7213828                    /lib/x86_64-linux-gnu/libnss_compat-2.27.so
7f579692e000-7f579692f000 rw-p 00009000 08:05 7213828                    /lib/x86_64-linux-gnu/libnss_compat-2.27.so
7f579692f000-7f579695c000 r-xp 00000000 08:05 6948995                    /usr/lib/jvm/java-8-oracle/jre/lib/amd64/libjava.so
7f579695c000-7f5796b5b000 ---p 0002d000 08:05 6948995                    /usr/lib/jvm/java-8-oracle/jre/lib/amd64/libjava.so
7f5796b5b000-7f5796b5c000 r--p 0002c000 08:05 6948995                    /usr/lib/jvm/java-8-oracle/jre/lib/amd64/libjava.so
7f5796b5c000-7f5796b5e000 rw-p 0002d000 08:05 6948995                    /usr/lib/jvm/java-8-oracle/jre/lib/amd64/libjava.so
7f5796b5e000-7f5796b6b000 r-xp 00000000 08:05 6949000                    /usr/lib/jvm/java-8-oracle/jre/lib/amd64/libverify.so
7f5796b6b000-7f5796d6a000 ---p 0000d000 08:05 6949000                    /usr/lib/jvm/java-8-oracle/jre/lib/amd64/libverify.so
7f5796d6a000-7f5796d6c000 r--p 0000c000 08:05 6949000                    /usr/lib/jvm/java-8-oracle/jre/lib/amd64/libverify.so
7f5796d6c000-7f5796d6d000 rw-p 0000e000 08:05 6949000                    /usr/lib/jvm/java-8-oracle/jre/lib/amd64/libverify.so
7f5796d6d000-7f5796d74000 r-xp 00000000 08:05 7213883                    /lib/x86_64-linux-gnu/librt-2.27.so
7f5796d74000-7f5796f73000 ---p 00007000 08:05 7213883                    /lib/x86_64-linux-gnu/librt-2.27.so
7f5796f73000-7f5796f74000 r--p 00006000 08:05 7213883                    /lib/x86_64-linux-gnu/librt-2.27.so
7f5796f74000-7f5796f75000 rw-p 00007000 08:05 7213883                    /lib/x86_64-linux-gnu/librt-2.27.so
7f5796f75000-7f5797112000 r-xp 00000000 08:05 7213805                    /lib/x86_64-linux-gnu/libm-2.27.so
7f5797112000-7f5797311000 ---p 0019d000 08:05 7213805                    /lib/x86_64-linux-gnu/libm-2.27.so
7f5797311000-7f5797312000 r--p 0019c000 08:05 7213805                    /lib/x86_64-linux-gnu/libm-2.27.so
7f5797312000-7f5797313000 rw-p 0019d000 08:05 7213805                    /lib/x86_64-linux-gnu/libm-2.27.so
7f5797313000-7f5797ff5000 r-xp 00000000 08:05 6948977                    /usr/lib/jvm/java-8-oracle/jre/lib/amd64/server/libjvm.so
7f5797ff5000-7f57981f5000 ---p 00ce2000 08:05 6948977                    /usr/lib/jvm/java-8-oracle/jre/lib/amd64/server/libjvm.so
7f57981f5000-7f579828b000 r--p 00ce2000 08:05 6948977                    /usr/lib/jvm/java-8-oracle/jre/lib/amd64/server/libjvm.so
7f579828b000-7f57982bc000 rw-p 00d78000 08:05 6948977                    /usr/lib/jvm/java-8-oracle/jre/lib/amd64/server/libjvm.so
7f57982bc000-7f57982f7000 rw-p 00000000 00:00 0 
7f57982f7000-7f57984de000 r-xp 00000000 08:05 7213742                    /lib/x86_64-linux-gnu/libc-2.27.so
7f57984de000-7f57986de000 ---p 001e7000 08:05 7213742                    /lib/x86_64-linux-gnu/libc-2.27.so
7f57986de000-7f57986e2000 r--p 001e7000 08:05 7213742                    /lib/x86_64-linux-gnu/libc-2.27.so
7f57986e2000-7f57986e4000 rw-p 001eb000 08:05 7213742                    /lib/x86_64-linux-gnu/libc-2.27.so
7f57986e4000-7f57986e8000 rw-p 00000000 00:00 0 
7f57986e8000-7f57986eb000 r-xp 00000000 08:05 7213765                    /lib/x86_64-linux-gnu/libdl-2.27.so
7f57986eb000-7f57988ea000 ---p 00003000 08:05 7213765                    /lib/x86_64-linux-gnu/libdl-2.27.so
7f57988ea000-7f57988eb000 r--p 00002000 08:05 7213765                    /lib/x86_64-linux-gnu/libdl-2.27.so
7f57988eb000-7f57988ec000 rw-p 00003000 08:05 7213765                    /lib/x86_64-linux-gnu/libdl-2.27.so
7f57988ec000-7f5798903000 r-xp 00000000 08:05 6948662                    /usr/lib/jvm/java-8-oracle/lib/amd64/jli/libjli.so
7f5798903000-7f5798b02000 ---p 00017000 08:05 6948662                    /usr/lib/jvm/java-8-oracle/lib/amd64/jli/libjli.so
7f5798b02000-7f5798b03000 r--p 00016000 08:05 6948662                    /usr/lib/jvm/java-8-oracle/lib/amd64/jli/libjli.so
7f5798b03000-7f5798b04000 rw-p 00017000 08:05 6948662                    /usr/lib/jvm/java-8-oracle/lib/amd64/jli/libjli.so
7f5798b04000-7f5798b1e000 r-xp 00000000 08:05 7213875                    /lib/x86_64-linux-gnu/libpthread-2.27.so
7f5798b1e000-7f5798d1d000 ---p 0001a000 08:05 7213875                    /lib/x86_64-linux-gnu/libpthread-2.27.so
7f5798d1d000-7f5798d1e000 r--p 00019000 08:05 7213875                    /lib/x86_64-linux-gnu/libpthread-2.27.so
7f5798d1e000-7f5798d1f000 rw-p 0001a000 08:05 7213875                    /lib/x86_64-linux-gnu/libpthread-2.27.so
7f5798d1f000-7f5798d23000 rw-p 00000000 00:00 0 
7f5798d23000-7f5798d4a000 r-xp 00000000 08:05 7213714                    /lib/x86_64-linux-gnu/ld-2.27.so
7f5798e2f000-7f5798e30000 ---p 00000000 00:00 0 
7f5798e30000-7f5798e33000 ---p 00000000 00:00 0 
7f5798e33000-7f5798f34000 rw-p 00000000 00:00 0 
7f5798f40000-7f5798f48000 rw-s 00000000 08:05 9044030                    /tmp/hsperfdata_root/9634
7f5798f48000-7f5798f49000 rw-p 00000000 00:00 0 
7f5798f49000-7f5798f4a000 r--p 00000000 00:00 0 
7f5798f4a000-7f5798f4b000 r--p 00027000 08:05 7213714                    /lib/x86_64-linux-gnu/ld-2.27.so
7f5798f4b000-7f5798f4c000 rw-p 00028000 08:05 7213714                    /lib/x86_64-linux-gnu/ld-2.27.so
7f5798f4c000-7f5798f4d000 rw-p 00000000 00:00 0 
7ffdf70f6000-7ffdf7118000 rw-p 00000000 00:00 0                          [stack]
7ffdf71e7000-7ffdf71ea000 r--p 00000000 00:00 0                          [vvar]
7ffdf71ea000-7ffdf71ec000 r-xp 00000000 00:00 0                          [vdso]
ffffffffff600000-ffffffffff601000 r-xp 00000000 00:00 0                  [vsyscall]

VM Arguments:
jvm_args: -Xms2g -Xmx4g -Dfile.encoding=UTF-8 
java_command: timeseriesweka.classifiers.DTW_kNN
java_class_path (initial): /root/eclipse-workspace/TimeSeries/TimeSeriesClassification/bin:/root/eclipse-workspace/TimeSeries/TimeSeriesClassification/dist/lib/libsvm.jar:/root/eclipse-workspace/TimeSeries/TimeSeriesClassification/dist/lib/SizeOf.jar:/root/eclipse-workspace/TimeSeries/TimeSeriesClassification/GavinHackCollateResults.jar:/root/eclipse-workspace/TimeSeries/TimeSeriesClassification/hppc-0.8.0-SNAPSHOT.jar:/root/eclipse-workspace/TimeSeries/TimeSeriesClassification/jtransforms-2.4.jar:/root/eclipse-workspace/TimeSeries/TimeSeriesClassification/jxl.jar:/root/eclipse-workspace/TimeSeries/TimeSeriesClassification/lib/matlabcontrol-4.1.0.jar:/root/eclipse-workspace/TimeSeries/TimeSeriesClassification/liblinear-java-2.11.jar:/root/eclipse-workspace/TimeSeries/TimeSeriesClassification/libsvm.jar:/root/eclipse-workspace/TimeSeries/TimeSeriesClassification/ResultsProcessing.jar:/root/eclipse-workspace/TimeSeries/TimeSeriesClassification/SizeOf.jar:/root/eclipse-workspace/TimeSeries/TimeSeriesClassification/xgboost4j-0.8-SNAPSHOT-jar-with-dependencies.jar
Launcher Type: SUN_STANDARD

Environment Variables:
JAVA_HOME=/usr/lib/jvm/jdk1.7.0_80
JRE_HOME=/usr/lib/jvm/jdk1.7.0_80/jre
PATH=/usr/local/sbin:/usr/local/bin:/usr/sbin:/usr/bin:/sbin:/bin:/usr/games:/usr/local/games
USERNAME=hwang31
SHELL=/bin/bash
DISPLAY=:0

Signal Handlers:
SIGSEGV: [libjvm.so+0xaced60], sa_mask[0]=11111111011111111101111111111110, sa_flags=SA_RESTART|SA_SIGINFO
SIGBUS: [libjvm.so+0xaced60], sa_mask[0]=11111111011111111101111111111110, sa_flags=SA_RESTART|SA_SIGINFO
SIGFPE: [libjvm.so+0x907ca0], sa_mask[0]=11111111011111111101111111111110, sa_flags=SA_RESTART|SA_SIGINFO
SIGPIPE: [libjvm.so+0x907ca0], sa_mask[0]=11111111011111111101111111111110, sa_flags=SA_RESTART|SA_SIGINFO
SIGXFSZ: [libjvm.so+0x907ca0], sa_mask[0]=11111111011111111101111111111110, sa_flags=SA_RESTART|SA_SIGINFO
SIGILL: [libjvm.so+0x907ca0], sa_mask[0]=11111111011111111101111111111110, sa_flags=SA_RESTART|SA_SIGINFO
SIGUSR1: SIG_DFL, sa_mask[0]=00000000000000000000000000000000, sa_flags=none
SIGUSR2: [libjvm.so+0x907b70], sa_mask[0]=00100000000000000000000000000000, sa_flags=SA_RESTART|SA_SIGINFO
SIGHUP: SIG_DFL, sa_mask[0]=00000000000000000000000000000000, sa_flags=none
SIGINT: SIG_DFL, sa_mask[0]=00000000000000000000000000000000, sa_flags=none
SIGTERM: SIG_DFL, sa_mask[0]=00000000000000000000000000000000, sa_flags=none
SIGQUIT: SIG_DFL, sa_mask[0]=00000000000000000000000000000000, sa_flags=none


---------------  S Y S T E M  ---------------

OS:DISTRIB_ID=Ubuntu
DISTRIB_RELEASE=18.04
DISTRIB_CODENAME=bionic
DISTRIB_DESCRIPTION="Ubuntu 18.04.1 LTS"

uname:Linux 4.15.0-43-generic #46-Ubuntu SMP Thu Dec 6 14:45:28 UTC 2018 x86_64
libc:glibc 2.27 NPTL 2.27 
rlimit: STACK 8192k, CORE 0k, NPROC 31219, NOFILE 1048576, AS infinity
load average:6.42 3.73 2.75

/proc/meminfo:
MemTotal:        8052624 kB
MemFree:          784836 kB
MemAvailable:     777072 kB
Buffers:            5372 kB
Cached:           282240 kB
SwapCached:        18172 kB
Active:          5483000 kB
Inactive:        1041628 kB
Active(anon):    5462648 kB
Inactive(anon):   873396 kB
Active(file):      20352 kB
Inactive(file):   168232 kB
Unevictable:          32 kB
Mlocked:              32 kB
SwapTotal:       2097148 kB
SwapFree:         406884 kB
Dirty:               416 kB
Writeback:             0 kB
AnonPages:       6219304 kB
Mapped:           140540 kB
Shmem:             98676 kB
Slab:              93348 kB
SReclaimable:      45976 kB
SUnreclaim:        47372 kB
KernelStack:       11872 kB
PageTables:        58160 kB
NFS_Unstable:          0 kB
Bounce:                0 kB
WritebackTmp:          0 kB
CommitLimit:     5861316 kB
Committed_AS:   13408392 kB
VmallocTotal:   34359738367 kB
VmallocUsed:           0 kB
VmallocChunk:          0 kB
HardwareCorrupted:     0 kB
AnonHugePages:         0 kB
ShmemHugePages:        0 kB
ShmemPmdMapped:        0 kB
CmaTotal:              0 kB
CmaFree:               0 kB
HugePages_Total:     256
HugePages_Free:      256
HugePages_Rsvd:        0
HugePages_Surp:        0
Hugepagesize:       2048 kB
DirectMap4k:      166752 kB
DirectMap2M:     8105984 kB

container (cgroup) information:
container_type: cgroupv1
cpu_cpuset_cpus: 0-3
cpu_memory_nodes: 0
active_processor_count: 4
cpu_quota: -1
cpu_period: 100000
cpu_shares: -1
memory_limit_in_bytes: -1
memory_and_swap_limit_in_bytes: -2
memory_soft_limit_in_bytes: -1
memory_usage_in_bytes: 6673047552
memory_max_usage_in_bytes: 0


CPU:total 4 (initial active 4) (4 cores per cpu, 1 threads per core) family 6 model 58 stepping 9, cmov, cx8, fxsr, mmx, sse, sse2, sse3, ssse3, sse4.1, sse4.2, popcnt, avx, aes, clmul, erms, tsc, tscinvbit, tscinv

/proc/cpuinfo:
processor	: 0
vendor_id	: GenuineIntel
cpu family	: 6
model		: 58
model name	: Intel(R) Core(TM) i5-3470 CPU @ 3.20GHz
stepping	: 9
microcode	: 0x20
cpu MHz		: 3398.256
cache size	: 6144 KB
physical id	: 0
siblings	: 4
core id		: 0
cpu cores	: 4
apicid		: 0
initial apicid	: 0
fpu		: yes
fpu_exception	: yes
cpuid level	: 13
wp		: yes
flags		: fpu vme de pse tsc msr pae mce cx8 apic sep mtrr pge mca cmov pat pse36 clflush dts acpi mmx fxsr sse sse2 ss ht tm pbe syscall nx rdtscp lm constant_tsc arch_perfmon pebs bts rep_good nopl xtopology nonstop_tsc cpuid aperfmperf pni pclmulqdq dtes64 monitor ds_cpl vmx smx est tm2 ssse3 cx16 xtpr pdcm pcid sse4_1 sse4_2 x2apic popcnt tsc_deadline_timer aes xsave avx f16c rdrand lahf_lm cpuid_fault epb pti ssbd ibrs ibpb stibp tpr_shadow vnmi flexpriority ept vpid fsgsbase smep erms xsaveopt dtherm ida arat pln pts flush_l1d
bugs		: cpu_meltdown spectre_v1 spectre_v2 spec_store_bypass l1tf
bogomips	: 6385.26
clflush size	: 64
cache_alignment	: 64
address sizes	: 36 bits physical, 48 bits virtual
power management:

processor	: 1
vendor_id	: GenuineIntel
cpu family	: 6
model		: 58
model name	: Intel(R) Core(TM) i5-3470 CPU @ 3.20GHz
stepping	: 9
microcode	: 0x20
cpu MHz		: 3435.041
cache size	: 6144 KB
physical id	: 0
siblings	: 4
core id		: 1
cpu cores	: 4
apicid		: 2
initial apicid	: 2
fpu		: yes
fpu_exception	: yes
cpuid level	: 13
wp		: yes
flags		: fpu vme de pse tsc msr pae mce cx8 apic sep mtrr pge mca cmov pat pse36 clflush dts acpi mmx fxsr sse sse2 ss ht tm pbe syscall nx rdtscp lm constant_tsc arch_perfmon pebs bts rep_good nopl xtopology nonstop_tsc cpuid aperfmperf pni pclmulqdq dtes64 monitor ds_cpl vmx smx est tm2 ssse3 cx16 xtpr pdcm pcid sse4_1 sse4_2 x2apic popcnt tsc_deadline_timer aes xsave avx f16c rdrand lahf_lm cpuid_fault epb pti ssbd ibrs ibpb stibp tpr_shadow vnmi flexpriority ept vpid fsgsbase smep erms xsaveopt dtherm ida arat pln pts flush_l1d
bugs		: cpu_meltdown spectre_v1 spectre_v2 spec_store_bypass l1tf
bogomips	: 6385.26
clflush size	: 64
cache_alignment	: 64
address sizes	: 36 bits physical, 48 bits virtual
power management:

processor	: 2
vendor_id	: GenuineIntel
cpu family	: 6
model		: 58
model name	: Intel(R) Core(TM) i5-3470 CPU @ 3.20GHz
stepping	: 9
microcode	: 0x20
cpu MHz		: 3434.770
cache size	: 6144 KB
physical id	: 0
siblings	: 4
core id		: 2
cpu cores	: 4
apicid		: 4
initial apicid	: 4
fpu		: yes
fpu_exception	: yes
cpuid level	: 13
wp		: yes
flags		: fpu vme de pse tsc msr pae mce cx8 apic sep mtrr pge mca cmov pat pse36 clflush dts acpi mmx fxsr sse sse2 ss ht tm pbe syscall nx rdtscp lm constant_tsc arch_perfmon pebs bts rep_good nopl xtopology nonstop_tsc cpuid aperfmperf pni pclmulqdq dtes64 monitor ds_cpl vmx smx est tm2 ssse3 cx16 xtpr pdcm pcid sse4_1 sse4_2 x2apic popcnt tsc_deadline_timer aes xsave avx f16c rdrand lahf_lm cpuid_fault epb pti ssbd ibrs ibpb stibp tpr_shadow vnmi flexpriority ept vpid fsgsbase smep erms xsaveopt dtherm ida arat pln pts flush_l1d
bugs		: cpu_meltdown spectre_v1 spectre_v2 spec_store_bypass l1tf
bogomips	: 6385.26
clflush size	: 64
cache_alignment	: 64
address sizes	: 36 bits physical, 48 bits virtual
power management:

processor	: 3
vendor_id	: GenuineIntel
cpu family	: 6
model		: 58
model name	: Intel(R) Core(TM) i5-3470 CPU @ 3.20GHz
stepping	: 9
microcode	: 0x20
cpu MHz		: 3400.119
cache size	: 6144 KB
physical id	: 0
siblings	: 4
core id		: 3
cpu cores	: 4
apicid		: 6
initial apicid	: 6
fpu		: yes
fpu_exception	: yes
cpuid level	: 13
wp		: yes
flags		: fpu vme de pse tsc msr pae mce cx8 apic sep mtrr pge mca cmov pat pse36 clflush dts acpi mmx fxsr sse sse2 ss ht tm pbe syscall nx rdtscp lm constant_tsc arch_perfmon pebs bts rep_good nopl xtopology nonstop_tsc cpuid aperfmperf pni pclmulqdq dtes64 monitor ds_cpl vmx smx est tm2 ssse3 cx16 xtpr pdcm pcid sse4_1 sse4_2 x2apic popcnt tsc_deadline_timer aes xsave avx f16c rdrand lahf_lm cpuid_fault epb pti ssbd ibrs ibpb stibp tpr_shadow vnmi flexpriority ept vpid fsgsbase smep erms xsaveopt dtherm ida arat pln pts flush_l1d
bugs		: cpu_meltdown spectre_v1 spectre_v2 spec_store_bypass l1tf
bogomips	: 6385.26
clflush size	: 64
cache_alignment	: 64
address sizes	: 36 bits physical, 48 bits virtual
power management:



Memory: 4k page, physical 8052624k(784836k free), swap 2097148k(406884k free)

vm_info: Java HotSpot(TM) 64-Bit Server VM (25.191-b12) for linux-amd64 JRE (1.8.0_191-b12), built on Oct  6 2018 05:43:09 by "java_re" with gcc 7.3.0

time: Fri Dec 28 22:40:03 2018
elapsed time: 0 seconds (0d 0h 0m 0s)

